<?xml version="1.0" encoding="UTF-8"?>
<testng-results skipped="0" failed="0" ignored="0" total="1" passed="1">
  <reporter-output>
  </reporter-output>
  <suite name="Default suite" duration-ms="41229" started-at="2018-01-19T12:15:57Z" finished-at="2018-01-19T12:16:38Z">
    <groups>
    </groups>
    <test name="Default test" duration-ms="41229" started-at="2018-01-19T12:15:57Z" finished-at="2018-01-19T12:16:38Z">
      <class name="com.tem.testcases.Calendar_Month_TC01">
        <test-method status="PASS" signature="beforeTest()[pri:0, instance:com.tem.testcases.Calendar_Month_TC01@63440df3]" name="beforeTest" is-config="true" duration-ms="30782" started-at="2018-01-19T12:15:57Z" finished-at="2018-01-19T12:16:28Z">
          <reporter-output>
          </reporter-output>
        </test-method> <!-- beforeTest -->
        <test-method status="PASS" signature="testCalendarYear(java.util.Hashtable)[pri:0, instance:com.tem.testcases.Calendar_Month_TC01@63440df3]" name="testCalendarYear" duration-ms="8433" started-at="2018-01-19T12:16:28Z" data-provider="getData" finished-at="2018-01-19T12:16:36Z">
          <params>
            <param index="0">
              <value>
                <![CDATA[{Month=January}]]>
              </value>
            </param>
          </params>
          <reporter-output>
          </reporter-output>
        </test-method> <!-- testCalendarYear -->
        <test-method status="PASS" signature="tearDown()[pri:0, instance:com.tem.testcases.Calendar_Month_TC01@63440df3]" name="tearDown" is-config="true" duration-ms="1927" started-at="2018-01-19T12:16:36Z" finished-at="2018-01-19T12:16:38Z">
          <reporter-output>
          </reporter-output>
        </test-method> <!-- tearDown -->
      </class> <!-- com.tem.testcases.Calendar_Month_TC01 -->
    </test> <!-- Default test -->
  </suite> <!-- Default suite -->
</testng-results>
