<?xml version="1.0" encoding="UTF-8"?>
<testsuite xmlns:xsi="http://www.w3.org/2001/XMLSchema-instance" xsi:noNamespaceSchemaLocation="https://maven.apache.org/surefire/maven-surefire-plugin/xsd/surefire-test-report.xsd" name="TestSuite" time="67.736" tests="3" errors="0" skipped="0" failures="0">
  <properties>
[...]
</properties>
  <testcase name="testCalendarYear" classname="com.tem.testcases.Calendar_Year_TC01" time="8.667"/>
  <testcase name="testCalendarYear" classname="com.tem.testcases.Calendar_Month_TC01" time="5.947"/>
  <testcase name="testCalendarYear" classname="com.tem.testcases.Calendar_Year_POMOptimised" time="7.543"/>
</testsuite>