<?xml version="1.0" encoding="UTF-8"?>
<testng-results skipped="0" failed="0" ignored="0" total="3" passed="3">
  <reporter-output>
  </reporter-output>
  <suite name="Calendar Test Suite" duration-ms="65928" started-at="2018-01-19T01:46:00Z" finished-at="2018-01-19T01:47:06Z">
    <groups>
    </groups>
    <test name="Calendar Year Test" duration-ms="25757" started-at="2018-01-19T01:46:00Z" finished-at="2018-01-19T01:46:26Z">
      <class name="com.tem.testcases.Calendar_Year_TC01">
        <test-method status="PASS" signature="beforeTest()[pri:0, instance:com.tem.testcases.Calendar_Year_TC01@7cbd213e]" name="beforeTest" is-config="true" duration-ms="15365" started-at="2018-01-19T01:46:00Z" finished-at="2018-01-19T01:46:15Z">
          <reporter-output>
          </reporter-output>
        </test-method> <!-- beforeTest -->
        <test-method status="PASS" signature="testCalendarYear(java.util.Hashtable)[pri:0, instance:com.tem.testcases.Calendar_Year_TC01@7cbd213e]" name="testCalendarYear" duration-ms="8663" started-at="2018-01-19T01:46:16Z" data-provider="getData" finished-at="2018-01-19T01:46:24Z">
          <params>
            <param index="0">
              <value>
                <![CDATA[{Year=2017}]]>
              </value>
            </param>
          </params>
          <reporter-output>
          </reporter-output>
        </test-method> <!-- testCalendarYear -->
        <test-method status="PASS" signature="tearDown()[pri:0, instance:com.tem.testcases.Calendar_Year_TC01@7cbd213e]" name="tearDown" is-config="true" duration-ms="1661" started-at="2018-01-19T01:46:24Z" finished-at="2018-01-19T01:46:26Z">
          <reporter-output>
          </reporter-output>
        </test-method> <!-- tearDown -->
      </class> <!-- com.tem.testcases.Calendar_Year_TC01 -->
    </test> <!-- Calendar Year Test -->
    <test name="Calendar Month Test" duration-ms="19118" started-at="2018-01-19T01:46:26Z" finished-at="2018-01-19T01:46:45Z">
      <class name="com.tem.testcases.Calendar_Month_TC01">
        <test-method status="PASS" signature="beforeTest()[pri:0, instance:com.tem.testcases.Calendar_Month_TC01@18bf3d14]" name="beforeTest" is-config="true" duration-ms="11517" started-at="2018-01-19T01:46:26Z" finished-at="2018-01-19T01:46:37Z">
          <reporter-output>
          </reporter-output>
        </test-method> <!-- beforeTest -->
        <test-method status="PASS" signature="testCalendarYear(java.util.Hashtable)[pri:0, instance:com.tem.testcases.Calendar_Month_TC01@18bf3d14]" name="testCalendarYear" duration-ms="5946" started-at="2018-01-19T01:46:37Z" data-provider="getData" finished-at="2018-01-19T01:46:43Z">
          <params>
            <param index="0">
              <value>
                <![CDATA[{Month=January}]]>
              </value>
            </param>
          </params>
          <reporter-output>
          </reporter-output>
        </test-method> <!-- testCalendarYear -->
        <test-method status="PASS" signature="tearDown()[pri:0, instance:com.tem.testcases.Calendar_Month_TC01@18bf3d14]" name="tearDown" is-config="true" duration-ms="1652" started-at="2018-01-19T01:46:43Z" finished-at="2018-01-19T01:46:45Z">
          <reporter-output>
          </reporter-output>
        </test-method> <!-- tearDown -->
      </class> <!-- com.tem.testcases.Calendar_Month_TC01 -->
    </test> <!-- Calendar Month Test -->
    <test name="Calendar Year Test Optimized" duration-ms="20937" started-at="2018-01-19T01:46:45Z" finished-at="2018-01-19T01:47:06Z">
      <class name="com.tem.testcases.Calendar_Year_POMOptimised">
        <test-method status="PASS" signature="beforeTest()[pri:0, instance:com.tem.testcases.Calendar_Year_POMOptimised@6ec8211c]" name="beforeTest" is-config="true" duration-ms="12008" started-at="2018-01-19T01:46:45Z" finished-at="2018-01-19T01:46:57Z">
          <reporter-output>
          </reporter-output>
        </test-method> <!-- beforeTest -->
        <test-method status="PASS" signature="testCalendarYear(java.util.Hashtable)[pri:0, instance:com.tem.testcases.Calendar_Year_POMOptimised@6ec8211c]" name="testCalendarYear" duration-ms="7545" started-at="2018-01-19T01:46:57Z" data-provider="getData" finished-at="2018-01-19T01:47:05Z">
          <params>
            <param index="0">
              <value>
                <![CDATA[{Year=2017}]]>
              </value>
            </param>
          </params>
          <reporter-output>
          </reporter-output>
        </test-method> <!-- testCalendarYear -->
        <test-method status="PASS" signature="tearDown()[pri:0, instance:com.tem.testcases.Calendar_Year_POMOptimised@6ec8211c]" name="tearDown" is-config="true" duration-ms="1380" started-at="2018-01-19T01:47:05Z" finished-at="2018-01-19T01:47:06Z">
          <reporter-output>
          </reporter-output>
        </test-method> <!-- tearDown -->
      </class> <!-- com.tem.testcases.Calendar_Year_POMOptimised -->
    </test> <!-- Calendar Year Test Optimized -->
  </suite> <!-- Calendar Test Suite -->
</testng-results>
