<?xml version="1.0" encoding="UTF-8"?>
<testng-results skipped="0" failed="0" ignored="0" total="3" passed="3">
  <reporter-output>
  </reporter-output>
  <suite name="Calendar Test Suite" duration-ms="83021" started-at="2018-01-29T16:29:25Z" finished-at="2018-01-29T16:30:48Z">
    <groups>
    </groups>
    <test name="Calendar Year Test" duration-ms="31017" started-at="2018-01-29T16:29:25Z" finished-at="2018-01-29T16:29:56Z">
      <class name="com.tem.testcases.Calendar_Year_TC01">
        <test-method status="PASS" signature="beforeTest()[pri:0, instance:com.tem.testcases.Calendar_Year_TC01@7cbd213e]" name="beforeTest" is-config="true" duration-ms="15870" started-at="2018-01-29T16:29:25Z" finished-at="2018-01-29T16:29:41Z">
          <reporter-output>
          </reporter-output>
        </test-method> <!-- beforeTest -->
        <test-method status="PASS" signature="testCalendarYear(java.util.Hashtable)[pri:0, instance:com.tem.testcases.Calendar_Year_TC01@7cbd213e]" name="testCalendarYear" duration-ms="13520" started-at="2018-01-29T16:29:41Z" data-provider="getData" finished-at="2018-01-29T16:29:55Z">
          <params>
            <param index="0">
              <value>
                <![CDATA[{Year=2017}]]>
              </value>
            </param>
          </params>
          <reporter-output>
          </reporter-output>
        </test-method> <!-- testCalendarYear -->
        <test-method status="PASS" signature="tearDown()[pri:0, instance:com.tem.testcases.Calendar_Year_TC01@7cbd213e]" name="tearDown" is-config="true" duration-ms="1536" started-at="2018-01-29T16:29:55Z" finished-at="2018-01-29T16:29:56Z">
          <reporter-output>
          </reporter-output>
        </test-method> <!-- tearDown -->
      </class> <!-- com.tem.testcases.Calendar_Year_TC01 -->
    </test> <!-- Calendar Year Test -->
    <test name="Calendar Month Test" duration-ms="28562" started-at="2018-01-29T16:29:56Z" finished-at="2018-01-29T16:30:25Z">
      <class name="com.tem.testcases.Calendar_Month_TC01">
        <test-method status="PASS" signature="beforeTest()[pri:0, instance:com.tem.testcases.Calendar_Month_TC01@18bf3d14]" name="beforeTest" is-config="true" duration-ms="11119" started-at="2018-01-29T16:29:56Z" finished-at="2018-01-29T16:30:07Z">
          <reporter-output>
          </reporter-output>
        </test-method> <!-- beforeTest -->
        <test-method status="PASS" signature="testCalendarYear(java.util.Hashtable)[pri:0, instance:com.tem.testcases.Calendar_Month_TC01@18bf3d14]" name="testCalendarYear" duration-ms="16243" started-at="2018-01-29T16:30:07Z" data-provider="getData" finished-at="2018-01-29T16:30:24Z">
          <params>
            <param index="0">
              <value>
                <![CDATA[{Month=January}]]>
              </value>
            </param>
          </params>
          <reporter-output>
          </reporter-output>
        </test-method> <!-- testCalendarYear -->
        <test-method status="PASS" signature="tearDown()[pri:0, instance:com.tem.testcases.Calendar_Month_TC01@18bf3d14]" name="tearDown" is-config="true" duration-ms="1196" started-at="2018-01-29T16:30:24Z" finished-at="2018-01-29T16:30:25Z">
          <reporter-output>
          </reporter-output>
        </test-method> <!-- tearDown -->
      </class> <!-- com.tem.testcases.Calendar_Month_TC01 -->
    </test> <!-- Calendar Month Test -->
    <test name="Calendar Year Test Optimized" duration-ms="23376" started-at="2018-01-29T16:30:25Z" finished-at="2018-01-29T16:30:48Z">
      <class name="com.tem.testcases.Calendar_Year_POMOptimised">
        <test-method status="PASS" signature="beforeTest()[pri:0, instance:com.tem.testcases.Calendar_Year_POMOptimised@6ec8211c]" name="beforeTest" is-config="true" duration-ms="10803" started-at="2018-01-29T16:30:25Z" finished-at="2018-01-29T16:30:36Z">
          <reporter-output>
          </reporter-output>
        </test-method> <!-- beforeTest -->
        <test-method status="PASS" signature="testCalendarYear(java.util.Hashtable)[pri:0, instance:com.tem.testcases.Calendar_Year_POMOptimised@6ec8211c]" name="testCalendarYear" duration-ms="11301" started-at="2018-01-29T16:30:36Z" data-provider="getData" finished-at="2018-01-29T16:30:47Z">
          <params>
            <param index="0">
              <value>
                <![CDATA[{Year=2017}]]>
              </value>
            </param>
          </params>
          <reporter-output>
          </reporter-output>
        </test-method> <!-- testCalendarYear -->
        <test-method status="PASS" signature="tearDown()[pri:0, instance:com.tem.testcases.Calendar_Year_POMOptimised@6ec8211c]" name="tearDown" is-config="true" duration-ms="1269" started-at="2018-01-29T16:30:47Z" finished-at="2018-01-29T16:30:48Z">
          <reporter-output>
          </reporter-output>
        </test-method> <!-- tearDown -->
      </class> <!-- com.tem.testcases.Calendar_Year_POMOptimised -->
    </test> <!-- Calendar Year Test Optimized -->
  </suite> <!-- Calendar Test Suite -->
</testng-results>
